4/13/2019 11:35:21 PM	This log contains information about the import schema operation into project 'DatabaseCustomer' on computer 'DESKTOP-M0Q9EGC' by user '13FGames'.
4/13/2019 11:35:21 PM	Import of database schema has started.
4/13/2019 11:35:30 PM	Gathering database options
4/13/2019 11:35:30 PM	Gathering users
4/13/2019 11:35:30 PM	Gathering roles
4/13/2019 11:35:30 PM	Gathering application roles
4/13/2019 11:35:30 PM	Gathering role memberships
4/13/2019 11:35:30 PM	Gathering filegroups
4/13/2019 11:35:30 PM	Gathering full-text catalogs
4/13/2019 11:35:30 PM	Gathering assemblies
4/13/2019 11:35:30 PM	Gathering certificates
4/13/2019 11:35:30 PM	Gathering asymmetric keys
4/13/2019 11:35:30 PM	Gathering symmetric keys
4/13/2019 11:35:30 PM	Gathering encrypted symmetric keys
4/13/2019 11:35:30 PM	Gathering schemas
4/13/2019 11:35:30 PM	Gathering XML schema collections
4/13/2019 11:35:30 PM	Gathering user-defined data types
4/13/2019 11:35:30 PM	Gathering user-defined types
4/13/2019 11:35:30 PM	Gathering table types
4/13/2019 11:35:30 PM	Gathering unique keys for table types
4/13/2019 11:35:30 PM	Gathering primary keys for table types
4/13/2019 11:35:30 PM	Gathering indexes for table types
4/13/2019 11:35:30 PM	Gathering check constraints for table types
4/13/2019 11:35:30 PM	Gathering default constraints for table types
4/13/2019 11:35:30 PM	Gathering partition functions
4/13/2019 11:35:30 PM	Gathering partition schemes
4/13/2019 11:35:30 PM	Gathering functions
4/13/2019 11:35:30 PM	Gathering encrypted functions
4/13/2019 11:35:30 PM	Gathering aggregates
4/13/2019 11:35:30 PM	Gathering procedures
4/13/2019 11:35:30 PM	Gathering encrypted procedures
4/13/2019 11:35:30 PM	Gathering tables
4/13/2019 11:35:30 PM	Gathering primary keys
4/13/2019 11:35:30 PM	Gathering unique constraints
4/13/2019 11:35:30 PM	Gathering foreign keys
4/13/2019 11:35:30 PM	Gathering default constraints
4/13/2019 11:35:30 PM	Gathering check constraints
4/13/2019 11:35:30 PM	Gathering views
4/13/2019 11:35:30 PM	Gathering encrypted views
4/13/2019 11:35:30 PM	Gathering indexes
4/13/2019 11:35:30 PM	Gathering statistics
4/13/2019 11:35:30 PM	Gathering full-text index stoplists
4/13/2019 11:35:30 PM	Gathering search property lists
4/13/2019 11:35:30 PM	Gathering search properties
4/13/2019 11:35:31 PM	Gathering full-text indexes
4/13/2019 11:35:31 PM	Gathering column store indexes
4/13/2019 11:35:31 PM	Gathering spatial indexes
4/13/2019 11:35:31 PM	Gathering XML indexes
4/13/2019 11:35:31 PM	Gathering Selective XML indexes
4/13/2019 11:35:31 PM	Gathering encrypted triggers
4/13/2019 11:35:31 PM	Gathering triggers
4/13/2019 11:35:31 PM	Gathering encrypted and clr ddl triggers
4/13/2019 11:35:31 PM	Gathering ddl triggers
4/13/2019 11:35:31 PM	Gathering synonyms
4/13/2019 11:35:31 PM	Gathering defaults
4/13/2019 11:35:31 PM	Gathering data constraint uddt bindings
4/13/2019 11:35:31 PM	Gathering rules
4/13/2019 11:35:31 PM	Gathering data constraint uddt bindings
4/13/2019 11:35:31 PM	Gathering message types
4/13/2019 11:35:31 PM	Gathering queues
4/13/2019 11:35:31 PM	Gathering contracts
4/13/2019 11:35:31 PM	Gathering services
4/13/2019 11:35:31 PM	Gathering event notifications
4/13/2019 11:35:31 PM	Gathering remote service bindings
4/13/2019 11:35:31 PM	Gathering broker priorities
4/13/2019 11:35:31 PM	Gathering signatures
4/13/2019 11:35:31 PM	Gathering data compression options
4/13/2019 11:35:31 PM	Gathering sequence types
4/13/2019 11:35:31 PM	Gathering extended properties
4/13/2019 11:35:31 PM	Gathering credentials
4/13/2019 11:35:31 PM	Gathering logins
4/13/2019 11:35:31 PM	Gathering server audits
4/13/2019 11:35:33 PM	Scanning project for duplicate elements
4/13/2019 11:35:33 PM	Finished duplicate element processing
4/13/2019 11:35:33 PM	Finished importing database.
4/13/2019 11:35:33 PM	A summary of the import was saved to the following location: D:\SvnDongseo\Users\jintaeks\DiconServer\DatabaseProject\DatabaseCustomer\Import Schema Logs\DatabaseCustomer_20190413023521.log
4/13/2019 11:35:33 PM	Click Finish to continue...
